
> scratch@1.0.0 web /app
> expo start --web

Starting project at /app
Starting Metro Bundler

The following packages should be updated for best compatibility with the installed expo version:
  @react-native-async-storage/async-storage@3.0.1 - expected version: 2.2.0
  react-native-reanimated@4.2.3 - expected version: 4.2.1
  react-native-svg@15.15.4 - expected version: 15.15.3
Your project may not work correctly until you install the expected versions of the packages.
Waiting on http://localhost:8081
Logs for your project will appear below.
Web node_modules/.pnpm/expo-router@55.0.7_@expo+log-box@55.0.7_@expo+metro-runtime@55.0.6_@types+react@19.2.14_7921f20cba896a5c58759d2bd5a5d2c3/node_modules/expo-router/entry.js ░░░░░░░░░░░░░░░░  0.0% (0/1)
Web node_modules/.pnpm/expo-router@55.0.7_@expo+log-box@55.0.7_@expo+metro-runtime@55.0.6_@types+react@19.2.14_7921f20cba896a5c58759d2bd5a5d2c3/node_modules/expo-router/entry.js ▓▓▓▓░░░░░░░░░░░░ 26.8% ( 93/187)
λ node_modules/.pnpm/@expo+router-server@55.0.11_@expo+metro-runtime@55.0.6_expo-constants@55.0.9_expo-font@_5bbbf88feb6e6ccd1d241b196101c322/node_modules/@expo/router-server/node/render.js ▓▓▓▓▓░░░░░░░░░░░ 31.8% ( 52/158)
Web node_modules/.pnpm/expo-router@55.0.7_@expo+log-box@55.0.7_@expo+metro-runtime@55.0.6_@types+react@19.2.14_7921f20cba896a5c58759d2bd5a5d2c3/node_modules/expo-router/entry.js ▓▓▓▓▓▓▓░░░░░░░░░ 48.0% (255/393)
λ node_modules/.pnpm/@expo+router-server@55.0.11_@expo+metro-runtime@55.0.6_expo-constants@55.0.9_expo-font@_5bbbf88feb6e6ccd1d241b196101c322/node_modules/@expo/router-server/node/render.js ▓▓▓▓▓░░░░░░░░░░░ 31.8% (211/408)
Web node_modules/.pnpm/expo-router@55.0.7_@expo+log-box@55.0.7_@expo+metro-runtime@55.0.6_@types+react@19.2.14_7921f20cba896a5c58759d2bd5a5d2c3/node_modules/expo-router/entry.js ▓▓▓▓▓▓▓░░░░░░░░░ 48.0% (324/482)
λ node_modules/.pnpm/@expo+router-server@55.0.11_@expo+metro-runtime@55.0.6_expo-constants@55.0.9_expo-font@_5bbbf88feb6e6ccd1d241b196101c322/node_modules/@expo/router-server/node/render.js ▓▓▓▓▓░░░░░░░░░░░ 31.8% ( 403/2284)
Web node_modules/.pnpm/expo-router@55.0.7_@expo+log-box@55.0.7_@expo+metro-runtime@55.0.6_@types+react@19.2.14_7921f20cba896a5c58759d2bd5a5d2c3/node_modules/expo-router/entry.js ▓▓▓▓▓▓▓▓░░░░░░░░ 51.6% (400/557)
λ node_modules/.pnpm/@expo+router-server@55.0.11_@expo+metro-runtime@55.0.6_expo-constants@55.0.9_expo-font@_5bbbf88feb6e6ccd1d241b196101c322/node_modules/@expo/router-server/node/render.js ▓▓▓▓▓░░░░░░░░░░░ 31.8% (1264/2300)
Web node_modules/.pnpm/expo-router@55.0.7_@expo+log-box@55.0.7_@expo+metro-runtime@55.0.6_@types+react@19.2.14_7921f20cba896a5c58759d2bd5a5d2c3/node_modules/expo-router/entry.js ▓▓▓▓▓▓▓▓▓░░░░░░░ 57.5% (464/613)
λ node_modules/.pnpm/@expo+router-server@55.0.11_@expo+metro-runtime@55.0.6_expo-constants@55.0.9_expo-font@_5bbbf88feb6e6ccd1d241b196101c322/node_modules/@expo/router-server/node/render.js ▓▓▓▓▓▓▓▓▓▓▓▓▓░░░ 87.0% (2275/2457)
Web node_modules/.pnpm/expo-router@55.0.7_@expo+log-box@55.0.7_@expo+metro-runtime@55.0.6_@types+react@19.2.14_7921f20cba896a5c58759d2bd5a5d2c3/node_modules/expo-router/entry.js ▓▓▓▓▓▓▓▓▓▓▓░░░░░ 69.1% ( 864/2469)
λ node_modules/.pnpm/@expo+router-server@55.0.11_@expo+metro-runtime@55.0.6_expo-constants@55.0.9_expo-font@_5bbbf88feb6e6ccd1d241b196101c322/node_modules/@expo/router-server/node/render.js ▓▓▓▓▓▓▓▓▓▓▓▓▓▓▓░ 94.6% (2470/2544)
Web node_modules/.pnpm/expo-router@55.0.7_@expo+log-box@55.0.7_@expo+metro-runtime@55.0.6_@types+react@19.2.14_7921f20cba896a5c58759d2bd5a5d2c3/node_modules/expo-router/entry.js ▓▓▓▓▓▓▓▓▓▓▓▓▓░░░ 82.1% (2238/2470)
λ node_modules/.pnpm/@expo+router-server@55.0.11_@expo+metro-runtime@55.0.6_expo-constants@55.0.9_expo-font@_5bbbf88feb6e6ccd1d241b196101c322/node_modules/@expo/router-server/node/render.js ▓▓▓▓▓▓▓▓▓▓▓▓▓▓▓░ 96.4% (2505/2551)
Web node_modules/.pnpm/expo-router@55.0.7_@expo+log-box@55.0.7_@expo+metro-runtime@55.0.6_@types+react@19.2.14_7921f20cba896a5c58759d2bd5a5d2c3/node_modules/expo-router/entry.js ▓▓▓▓▓▓▓▓▓▓▓▓▓▓▓░ 99.8% (2639/2642)
λ node_modules/.pnpm/@expo+router-server@55.0.11_@expo+metro-runtime@55.0.6_expo-constants@55.0.9_expo-font@_5bbbf88feb6e6ccd1d241b196101c322/node_modules/@expo/router-server/node/render.js ▓▓▓▓▓▓▓▓▓▓▓▓▓▓▓░ 99.6% (2633/2645)
Web Bundled 28353ms node_modules/.pnpm/expo-router@55.0.7_@expo+log-box@55.0.7_@expo+metro-runtime@55.0.6_@types+react@19.2.14_7921f20cba896a5c58759d2bd5a5d2c3/node_modules/expo-router/entry.js (2642 modules)
λ Bundled 28738ms node_modules/.pnpm/@expo+router-server@55.0.11_@expo+metro-runtime@55.0.6_expo-constants@55.0.9_expo-font@_5bbbf88feb6e6ccd1d241b196101c322/node_modules/@expo/router-server/node/render.js (2648 modules)
"shadow*" style props are deprecated. Use "boxShadow".
"textShadow*" style props are deprecated. Use "textShadow".
Web node_modules/.pnpm/expo-router@55.0.7_@expo+log-box@55.0.7_@expo+metro-runtime@55.0.6_@types+react@19.2.14_7921f20cba896a5c58759d2bd5a5d2c3/node_modules/expo-router/entry.js ░░░░░░░░░░░░░░░░  0.0% (0/1)
Web node_modules/.pnpm/expo-router@55.0.7_@expo+log-box@55.0.7_@expo+metro-runtime@55.0.6_@types+react@19.2.14_7921f20cba896a5c58759d2bd5a5d2c3/node_modules/expo-router/entry.js ▓▓▓▓▓▓▓▓▓░░░░░░░ 60.4% (477/614)
Web node_modules/.pnpm/expo-router@55.0.7_@expo+log-box@55.0.7_@expo+metro-runtime@55.0.6_@types+react@19.2.14_7921f20cba896a5c58759d2bd5a5d2c3/node_modules/expo-router/entry.js ▓▓▓▓▓▓▓▓▓▓░░░░░░ 64.7% (1287/2424)
Web node_modules/.pnpm/expo-router@55.0.7_@expo+log-box@55.0.7_@expo+metro-runtime@55.0.6_@types+react@19.2.14_7921f20cba896a5c58759d2bd5a5d2c3/node_modules/expo-router/entry.js ▓▓▓▓▓▓▓▓▓▓▓▓▓▓▓░ 97.1% (2579/2619)
Web Bundled 11355ms node_modules/.pnpm/expo-router@55.0.7_@expo+log-box@55.0.7_@expo+metro-runtime@55.0.6_@types+react@19.2.14_7921f20cba896a5c58759d2bd5a5d2c3/node_modules/expo-router/entry.js (2643 modules)
Web node_modules/.pnpm/expo-router@55.0.7_@expo+log-box@55.0.7_@expo+metro-runtime@55.0.6_@types+react@19.2.14_7921f20cba896a5c58759d2bd5a5d2c3/node_modules/expo-router/entry.js ░░░░░░░░░░░░░░░░  0.0% (0/1)
λ Bundled 97ms node_modules/.pnpm/@expo+router-server@55.0.11_@expo+metro-runtime@55.0.6_expo-constants@55.0.9_expo-font@_5bbbf88feb6e6ccd1d241b196101c322/node_modules/@expo/router-server/node/render.js (1 module)
"shadow*" style props are deprecated. Use "boxShadow".
"textShadow*" style props are deprecated. Use "textShadow".
Web Bundled 1244ms node_modules/.pnpm/expo-router@55.0.7_@expo+log-box@55.0.7_@expo+metro-runtime@55.0.6_@types+react@19.2.14_7921f20cba896a5c58759d2bd5a5d2c3/node_modules/expo-router/entry.js (1 module)
Web Bundled 211ms node_modules/.pnpm/expo-router@55.0.7_@expo+log-box@55.0.7_@expo+metro-runtime@55.0.6_@types+react@19.2.14_7921f20cba896a5c58759d2bd5a5d2c3/node_modules/expo-router/entry.js (1 module)
 LOG  [web] Logs will appear in the browser console
Web node_modules/.pnpm/expo-router@55.0.7_@expo+log-box@55.0.7_@expo+metro-runtime@55.0.6_@types+react@19.2.14_7921f20cba896a5c58759d2bd5a5d2c3/node_modules/expo-router/entry.js ░░░░░░░░░░░░░░░░  0.0% (0/1)
λ Bundled 118ms node_modules/.pnpm/@expo+router-server@55.0.11_@expo+metro-runtime@55.0.6_expo-constants@55.0.9_expo-font@_5bbbf88feb6e6ccd1d241b196101c322/node_modules/@expo/router-server/node/render.js (1 module)
"shadow*" style props are deprecated. Use "boxShadow".
"textShadow*" style props are deprecated. Use "textShadow".
Web Bundled 635ms node_modules/.pnpm/expo-router@55.0.7_@expo+log-box@55.0.7_@expo+metro-runtime@55.0.6_@types+react@19.2.14_7921f20cba896a5c58759d2bd5a5d2c3/node_modules/expo-router/entry.js (1 module)
Web Bundled 145ms node_modules/.pnpm/expo-router@55.0.7_@expo+log-box@55.0.7_@expo+metro-runtime@55.0.6_@types+react@19.2.14_7921f20cba896a5c58759d2bd5a5d2c3/node_modules/expo-router/entry.js (1 module)
 LOG  [web] Logs will appear in the browser console
Web node_modules/.pnpm/expo-router@55.0.7_@expo+log-box@55.0.7_@expo+metro-runtime@55.0.6_@types+react@19.2.14_7921f20cba896a5c58759d2bd5a5d2c3/node_modules/expo-router/entry.js ░░░░░░░░░░░░░░░░  0.0% (0/1)
λ Bundled 102ms node_modules/.pnpm/@expo+router-server@55.0.11_@expo+metro-runtime@55.0.6_expo-constants@55.0.9_expo-font@_5bbbf88feb6e6ccd1d241b196101c322/node_modules/@expo/router-server/node/render.js (1 module)
"shadow*" style props are deprecated. Use "boxShadow".
"textShadow*" style props are deprecated. Use "textShadow".
Web Bundled 628ms node_modules/.pnpm/expo-router@55.0.7_@expo+log-box@55.0.7_@expo+metro-runtime@55.0.6_@types+react@19.2.14_7921f20cba896a5c58759d2bd5a5d2c3/node_modules/expo-router/entry.js (1 module)
Web Bundled 131ms node_modules/.pnpm/expo-router@55.0.7_@expo+log-box@55.0.7_@expo+metro-runtime@55.0.6_@types+react@19.2.14_7921f20cba896a5c58759d2bd5a5d2c3/node_modules/expo-router/entry.js (1 module)
 LOG  [web] Logs will appear in the browser console
